This is XeTeX, Version 3.141592653-2.6-0.999995 (TeX Live 2023) (preloaded format=xelatex 2024.1.23)  1 FEB 2024 23:15
entering extended mode
 restricted \write18 enabled.
 %&-line parsing enabled.
**index.tex
(./index.tex
LaTeX2e <2023-11-01> patch level 1
L3 programming layer <2024-01-22>
(./agujournal2019.cls
Document Class: agujournal2019 01/14/2019
(/Users/zijin/Library/TinyTeX/texmf-dist/tex/latex/graphics/graphicx.sty
Package: graphicx 2021/09/16 v1.2d Enhanced LaTeX Graphics (DPC,SPQR)
(/Users/zijin/Library/TinyTeX/texmf-dist/tex/latex/graphics/keyval.sty
Package: keyval 2022/05/29 v1.15 key=value parser (DPC)
\KV@toks@=\toks17
) (/Users/zijin/Library/TinyTeX/texmf-dist/tex/latex/graphics/graphics.sty
Package: graphics 2022/03/10 v1.4e Standard LaTeX Graphics (DPC,SPQR)
(/Users/zijin/Library/TinyTeX/texmf-dist/tex/latex/graphics/trig.sty
Package: trig 2021/08/11 v1.11 sin cos tan (DPC)
) (/Users/zijin/Library/TinyTeX/texmf-dist/tex/latex/graphics-cfg/graphics.cfg
File: graphics.cfg 2016/06/04 v1.11 sample graphics configuration
)
Package graphics Info: Driver file: xetex.def on input line 107.
(/Users/zijin/Library/TinyTeX/texmf-dist/tex/latex/graphics-def/xetex.def
File: xetex.def 2022/09/22 v5.0n Graphics/color driver for xetex
))
\Gin@req@height=\dimen140
\Gin@req@width=\dimen141
) (/Users/zijin/Library/TinyTeX/texmf-dist/tex/latex/xcolor/xcolor.sty
Package: xcolor 2023/11/15 v3.01 LaTeX color extensions (UK)
(/Users/zijin/Library/TinyTeX/texmf-dist/tex/latex/graphics-cfg/color.cfg
File: color.cfg 2016/01/02 v1.6 sample color configuration
)
Package xcolor Info: Driver file: xetex.def on input line 274.
(/Users/zijin/Library/TinyTeX/texmf-dist/tex/latex/graphics/mathcolor.ltx)
Package xcolor Info: Model `cmy' substituted by `cmy0' on input line 1350.
Package xcolor Info: Model `RGB' extended on input line 1366.
Package xcolor Info: Model `HTML' substituted by `rgb' on input line 1368.
Package xcolor Info: Model `Hsb' substituted by `hsb' on input line 1369.
Package xcolor Info: Model `tHsb' substituted by `hsb' on input line 1370.
Package xcolor Info: Model `HSB' substituted by `hsb' on input line 1371.
Package xcolor Info: Model `Gray' substituted by `gray' on input line 1372.
Package xcolor Info: Model `wave' substituted by `hsb' on input line 1373.
) (/Users/zijin/Library/TinyTeX/texmf-dist/tex/latex/graphics/dvipsnam.def
File: dvipsnam.def 2016/06/17 v3.0m Driver-dependent file (DPC,SPQR)
) (/Users/zijin/Library/TinyTeX/texmf-dist/tex/latex/xcolor/svgnam.def
File: svgnam.def 2023/11/15 v3.01 Predefined colors according to SVG 1.1 (UK)
) (/Users/zijin/Library/TinyTeX/texmf-dist/tex/latex/xcolor/x11nam.def
File: x11nam.def 2023/11/15 v3.01 Predefined colors according to Unix/X11 (UK)
) (/Users/zijin/Library/TinyTeX/texmf-dist/tex/latex/url/url.sty
\Urlmuskip=\muskip16
Package: url 2013/09/16  ver 3.4  Verb mode for urls, etc.
) (/Users/zijin/Library/TinyTeX/texmf-dist/tex/latex/lineno/lineno.sty
Package: lineno 2023/05/20 line numbers on paragraphs v5.3
(/Users/zijin/Library/TinyTeX/texmf-dist/tex/latex/etoolbox/etoolbox.sty
Package: etoolbox 2020/10/05 v2.5k e-TeX tools for LaTeX (JAW)
\etb@tempcnta=\count183
)
Invalid UTF-8 byte or sequence at line 292 replaced by U+FFFD.
(/Users/zijin/Library/TinyTeX/texmf-dist/tex/latex/kvoptions/kvoptions.sty
Package: kvoptions 2022-06-15 v3.15 Key value format for package options (HO)
(/Users/zijin/Library/TinyTeX/texmf-dist/tex/generic/ltxcmds/ltxcmds.sty
Package: ltxcmds 2023-12-04 v1.26 LaTeX kernel commands for general use (HO)
) (/Users/zijin/Library/TinyTeX/texmf-dist/tex/latex/kvsetkeys/kvsetkeys.sty
Package: kvsetkeys 2022-10-05 v1.19 Key value parser (HO)
))
\linenopenalty=\count184
\output=\toks18
\linenoprevgraf=\count185
\linenumbersep=\dimen142
\linenumberwidth=\dimen143
\c@linenumber=\count186
\c@pagewiselinenumber=\count187
\c@LN@truepage=\count188
\c@internallinenumber=\count189
\c@internallinenumbers=\count190
\quotelinenumbersep=\dimen144
\bframerule=\dimen145
\bframesep=\dimen146
\bframebox=\box51
LaTeX Info: Redefining \\ on input line 3180.
) (/Users/zijin/Library/TinyTeX/texmf-dist/tex/latex/tools/indentfirst.sty
Package: indentfirst 2023/07/02 v1.03 Indent first paragraph (DPC)
) (/Users/zijin/Library/TinyTeX/texmf-dist/tex/latex/ragged2e/ragged2e.sty
Package: ragged2e 2023/06/22 v3.6 ragged2e Package
\CenteringLeftskip=\skip48
\RaggedLeftLeftskip=\skip49
\RaggedRightLeftskip=\skip50
\CenteringRightskip=\skip51
\RaggedLeftRightskip=\skip52
\RaggedRightRightskip=\skip53
\CenteringParfillskip=\skip54
\RaggedLeftParfillskip=\skip55
\RaggedRightParfillskip=\skip56
\JustifyingParfillskip=\skip57
\CenteringParindent=\skip58
\RaggedLeftParindent=\skip59
\RaggedRightParindent=\skip60
\JustifyingParindent=\skip61
) (/Users/zijin/Library/TinyTeX/texmf-dist/tex/latex/graphics/rotating.sty
Package: rotating 2016/08/11 v2.16d rotated objects in LaTeX
(/Users/zijin/Library/TinyTeX/texmf-dist/tex/latex/base/ifthen.sty
Package: ifthen 2022/04/13 v1.1d Standard LaTeX ifthen package (DPC)
)
\c@r@tfl@t=\count191
\rotFPtop=\skip62
\rotFPbot=\skip63
\rot@float@box=\box52
\rot@mess@toks=\toks19
)
\draftskip=\count192
\c@section=\count193
\c@subsection=\count194
\c@subsubsection=\count195
\c@paragraph=\count196
\c@subparagraph=\count197
\c@figure=\count198
\c@table=\count199
\abovecaptionskip=\skip64
\belowcaptionskip=\skip65
\c@appendnum=\count266
\bibindent=\dimen147
(/Users/zijin/Library/TinyTeX/texmf-dist/tex/latex/apacite/apacite.sty
Package: apacite 2013/07/21 v6.03 APA citation
\c@BibCnt=\count267
\bibleftmargin=\skip66
\bibindent=\skip67
\bibparsep=\skip68
\bibitemsep=\skip69
\biblabelsep=\skip70
)) (/Users/zijin/Library/TinyTeX/texmf-dist/tex/latex/amsmath/amsmath.sty
Package: amsmath 2023/05/13 v2.17o AMS math features
\@mathmargin=\skip71
For additional information on amsmath, use the `?' option.
(/Users/zijin/Library/TinyTeX/texmf-dist/tex/latex/amsmath/amstext.sty
Package: amstext 2021/08/26 v2.01 AMS text
(/Users/zijin/Library/TinyTeX/texmf-dist/tex/latex/amsmath/amsgen.sty
File: amsgen.sty 1999/11/30 v2.0 generic functions
\@emptytoks=\toks20
\ex@=\dimen148
)) (/Users/zijin/Library/TinyTeX/texmf-dist/tex/latex/amsmath/amsbsy.sty
Package: amsbsy 1999/11/29 v1.2d Bold Symbols
\pmbraise@=\dimen149
) (/Users/zijin/Library/TinyTeX/texmf-dist/tex/latex/amsmath/amsopn.sty
Package: amsopn 2022/04/08 v2.04 operator names
)
\inf@bad=\count268
LaTeX Info: Redefining \frac on input line 234.
\uproot@=\count269
\leftroot@=\count270
LaTeX Info: Redefining \overline on input line 399.
LaTeX Info: Redefining \colon on input line 410.
\classnum@=\count271
\DOTSCASE@=\count272
LaTeX Info: Redefining \ldots on input line 496.
LaTeX Info: Redefining \dots on input line 499.
LaTeX Info: Redefining \cdots on input line 620.
\Mathstrutbox@=\box53
\strutbox@=\box54
LaTeX Info: Redefining \big on input line 722.
LaTeX Info: Redefining \Big on input line 723.
LaTeX Info: Redefining \bigg on input line 724.
LaTeX Info: Redefining \Bigg on input line 725.
\big@size=\dimen150
LaTeX Font Info:    Redeclaring font encoding OML on input line 743.
LaTeX Font Info:    Redeclaring font encoding OMS on input line 744.
\macc@depth=\count273
LaTeX Info: Redefining \bmod on input line 905.
LaTeX Info: Redefining \pmod on input line 910.
LaTeX Info: Redefining \smash on input line 940.
LaTeX Info: Redefining \relbar on input line 970.
LaTeX Info: Redefining \Relbar on input line 971.
\c@MaxMatrixCols=\count274
\dotsspace@=\muskip17
\c@parentequation=\count275
\dspbrk@lvl=\count276
\tag@help=\toks21
\row@=\count277
\column@=\count278
\maxfields@=\count279
\andhelp@=\toks22
\eqnshift@=\dimen151
\alignsep@=\dimen152
\tagshift@=\dimen153
\tagwidth@=\dimen154
\totwidth@=\dimen155
\lineht@=\dimen156
\@envbody=\toks23
\multlinegap=\skip72
\multlinetaggap=\skip73
\mathdisplay@stack=\toks24
LaTeX Info: Redefining \[ on input line 2953.
LaTeX Info: Redefining \] on input line 2954.
)
\linenoamsmath@ams@eqpen=\count280
(/Users/zijin/Library/TinyTeX/texmf-dist/tex/latex/amsfonts/amssymb.sty
Package: amssymb 2013/01/14 v3.01 AMS font symbols
(/Users/zijin/Library/TinyTeX/texmf-dist/tex/latex/amsfonts/amsfonts.sty
Package: amsfonts 2013/01/14 v3.01 Basic AMSFonts support
\symAMSa=\mathgroup4
\symAMSb=\mathgroup5
LaTeX Font Info:    Redeclaring math symbol \hbar on input line 98.
LaTeX Font Info:    Overwriting math alphabet `\mathfrak' in version `bold'
(Font)                  U/euf/m/n --> U/euf/b/n on input line 106.
)) (/Users/zijin/Library/TinyTeX/texmf-dist/tex/generic/iftex/iftex.sty
Package: iftex 2022/02/03 v1.0f TeX engine tests
) (/Users/zijin/Library/TinyTeX/texmf-dist/tex/latex/unicode-math/unicode-math.sty (/Users/zijin/Library/TinyTeX/texmf-dist/tex/latex/l3kernel/expl3.sty
Package: expl3 2024-01-22 L3 programming layer (loader) 
(/Users/zijin/Library/TinyTeX/texmf-dist/tex/latex/l3backend/l3backend-xetex.def
File: l3backend-xetex.def 2024-01-04 L3 backend support: XeTeX
\g__graphics_track_int=\count281
\l__pdf_internal_box=\box55
\g__pdf_backend_object_int=\count282
\g__pdf_backend_annotation_int=\count283
\g__pdf_backend_link_int=\count284
))
Package: unicode-math 2023/08/13 v0.8r Unicode maths in XeLaTeX and LuaLaTeX
(/Users/zijin/Library/TinyTeX/texmf-dist/tex/latex/unicode-math/unicode-math-xetex.sty
Package: unicode-math-xetex 2023/08/13 v0.8r Unicode maths in XeLaTeX and LuaLaTeX
(/Users/zijin/Library/TinyTeX/texmf-dist/tex/latex/l3packages/xparse/xparse.sty
Package: xparse 2023-10-10 L3 Experimental document command parser
) (/Users/zijin/Library/TinyTeX/texmf-dist/tex/latex/l3packages/l3keys2e/l3keys2e.sty
Package: l3keys2e 2023-10-10 LaTeX2e option processing using LaTeX3 keys
) (/Users/zijin/Library/TinyTeX/texmf-dist/tex/latex/fontspec/fontspec.sty
Package: fontspec 2022/01/15 v2.8a Font selection for XeLaTeX and LuaLaTeX
(/Users/zijin/Library/TinyTeX/texmf-dist/tex/latex/fontspec/fontspec-xetex.sty
Package: fontspec-xetex 2022/01/15 v2.8a Font selection for XeLaTeX and LuaLaTeX
\l__fontspec_script_int=\count285
\l__fontspec_language_int=\count286
\l__fontspec_strnum_int=\count287
\l__fontspec_tmp_int=\count288
\l__fontspec_tmpa_int=\count289
\l__fontspec_tmpb_int=\count290
\l__fontspec_tmpc_int=\count291
\l__fontspec_em_int=\count292
\l__fontspec_emdef_int=\count293
\l__fontspec_strong_int=\count294
\l__fontspec_strongdef_int=\count295
\l__fontspec_tmpa_dim=\dimen157
\l__fontspec_tmpb_dim=\dimen158
\l__fontspec_tmpc_dim=\dimen159
(/Users/zijin/Library/TinyTeX/texmf-dist/tex/latex/base/fontenc.sty
Package: fontenc 2021/04/29 v2.0v Standard LaTeX package
) (/Users/zijin/Library/TinyTeX/texmf-dist/tex/latex/fontspec/fontspec.cfg))) (/Users/zijin/Library/TinyTeX/texmf-dist/tex/latex/base/fix-cm.sty
Package: fix-cm 2020/11/24 v1.1t fixes to LaTeX
(/Users/zijin/Library/TinyTeX/texmf-dist/tex/latex/base/ts1enc.def
File: ts1enc.def 2001/06/05 v3.0e (jk/car/fm) Standard LaTeX file
LaTeX Font Info:    Redeclaring font encoding TS1 on input line 47.
))
\g__um_fam_int=\count296
\g__um_fonts_used_int=\count297
\l__um_primecount_int=\count298
\g__um_primekern_muskip=\muskip18
(/Users/zijin/Library/TinyTeX/texmf-dist/tex/latex/unicode-math/unicode-math-table.tex))) (/Users/zijin/Library/TinyTeX/texmf-dist/tex/latex/lm/lmodern.sty
Package: lmodern 2015/05/01 v1.6.1 Latin Modern Fonts
LaTeX Font Info:    Overwriting symbol font `operators' in version `normal'
(Font)                  OT1/cmr/m/n --> OT1/lmr/m/n on input line 22.
LaTeX Font Info:    Overwriting symbol font `letters' in version `normal'
(Font)                  OML/cmm/m/it --> OML/lmm/m/it on input line 23.
LaTeX Font Info:    Overwriting symbol font `symbols' in version `normal'
(Font)                  OMS/cmsy/m/n --> OMS/lmsy/m/n on input line 24.
LaTeX Font Info:    Overwriting symbol font `largesymbols' in version `normal'
(Font)                  OMX/cmex/m/n --> OMX/lmex/m/n on input line 25.
LaTeX Font Info:    Overwriting symbol font `operators' in version `bold'
(Font)                  OT1/cmr/bx/n --> OT1/lmr/bx/n on input line 26.
LaTeX Font Info:    Overwriting symbol font `letters' in version `bold'
(Font)                  OML/cmm/b/it --> OML/lmm/b/it on input line 27.
LaTeX Font Info:    Overwriting symbol font `symbols' in version `bold'
(Font)                  OMS/cmsy/b/n --> OMS/lmsy/b/n on input line 28.
LaTeX Font Info:    Overwriting symbol font `largesymbols' in version `bold'
(Font)                  OMX/cmex/m/n --> OMX/lmex/m/n on input line 29.
LaTeX Font Info:    Overwriting math alphabet `\mathbf' in version `normal'
(Font)                  OT1/cmr/bx/n --> OT1/lmr/bx/n on input line 31.
LaTeX Font Info:    Overwriting math alphabet `\mathsf' in version `normal'
(Font)                  OT1/cmss/m/n --> OT1/lmss/m/n on input line 32.
LaTeX Font Info:    Overwriting math alphabet `\mathit' in version `normal'
(Font)                  OT1/cmr/m/it --> OT1/lmr/m/it on input line 33.
LaTeX Font Info:    Overwriting math alphabet `\mathtt' in version `normal'
(Font)                  OT1/cmtt/m/n --> OT1/lmtt/m/n on input line 34.
LaTeX Font Info:    Overwriting math alphabet `\mathbf' in version `bold'
(Font)                  OT1/cmr/bx/n --> OT1/lmr/bx/n on input line 35.
LaTeX Font Info:    Overwriting math alphabet `\mathsf' in version `bold'
(Font)                  OT1/cmss/bx/n --> OT1/lmss/bx/n on input line 36.
LaTeX Font Info:    Overwriting math alphabet `\mathit' in version `bold'
(Font)                  OT1/cmr/bx/it --> OT1/lmr/bx/it on input line 37.
LaTeX Font Info:    Overwriting math alphabet `\mathtt' in version `bold'
(Font)                  OT1/cmtt/m/n --> OT1/lmtt/m/n on input line 38.
) (/Users/zijin/Library/TinyTeX/texmf-dist/tex/latex/upquote/upquote.sty
Package: upquote 2012/04/19 v1.3 upright-quote and grave-accent glyphs in verbatim
(/Users/zijin/Library/TinyTeX/texmf-dist/tex/latex/base/textcomp.sty
Package: textcomp 2020/02/02 v2.0n Standard LaTeX package
)) (/Users/zijin/Library/TinyTeX/texmf-dist/tex/latex/microtype/microtype.sty
Package: microtype 2023/03/13 v3.1a Micro-typographical refinements (RS)
\MT@toks=\toks25
\MT@tempbox=\box56
\MT@count=\count299
LaTeX Info: Redefining \noprotrusionifhmode on input line 1059.
LaTeX Info: Redefining \leftprotrusion on input line 1060.
\MT@prot@toks=\toks26
LaTeX Info: Redefining \rightprotrusion on input line 1078.
LaTeX Info: Redefining \textls on input line 1368.
\MT@outer@kern=\dimen160
LaTeX Info: Redefining \textmicrotypecontext on input line 1988.
\MT@listname@count=\count300
(/Users/zijin/Library/TinyTeX/texmf-dist/tex/latex/microtype/microtype-xetex.def
File: microtype-xetex.def 2023/03/13 v3.1a Definitions specific to xetex (RS)
LaTeX Info: Redefining \lsstyle on input line 238.
)
Package microtype Info: Loading configuration file microtype.cfg.
(/Users/zijin/Library/TinyTeX/texmf-dist/tex/latex/microtype/microtype.cfg
File: microtype.cfg 2023/03/13 v3.1a microtype main configuration file (RS)
)) (/Users/zijin/Library/TinyTeX/texmf-dist/tex/latex/parskip/parskip.sty
Package: parskip 2021-03-14 v2.0h non-zero parskip adjustments
) (/Users/zijin/Library/TinyTeX/texmf-dist/tex/latex/tools/longtable.sty
Package: longtable 2023-11-01 v4.19 Multi-page Table package (DPC)
\LTleft=\skip74
\LTright=\skip75
\LTpre=\skip76
\LTpost=\skip77
\LTchunksize=\count301
\LTcapwidth=\dimen161
\LT@head=\box57
\LT@firsthead=\box58
\LT@foot=\box59
\LT@lastfoot=\box60
\LT@gbox=\box61
\LT@cols=\count302
\LT@rows=\count303
\c@LT@tables=\count304
\c@LT@chunks=\count305
\LT@p@ftn=\toks27
) (/Users/zijin/Library/TinyTeX/texmf-dist/tex/latex/booktabs/booktabs.sty
Package: booktabs 2020/01/12 v1.61803398 Publication quality tables
\heavyrulewidth=\dimen162
\lightrulewidth=\dimen163
\cmidrulewidth=\dimen164
\belowrulesep=\dimen165
\belowbottomsep=\dimen166
\aboverulesep=\dimen167
\abovetopsep=\dimen168
\cmidrulesep=\dimen169
\cmidrulekern=\dimen170
\defaultaddspace=\dimen171
\@cmidla=\count306
\@cmidlb=\count307
\@aboverulesep=\dimen172
\@belowrulesep=\dimen173
\@thisruleclass=\count308
\@lastruleclass=\count309
\@thisrulewidth=\dimen174
) (/Users/zijin/Library/TinyTeX/texmf-dist/tex/latex/tools/array.sty
Package: array 2023/10/16 v2.5g Tabular extension package (FMi)
\col@sep=\dimen175
\ar@mcellbox=\box62
\extrarowheight=\dimen176
\NC@list=\toks28
\extratabsurround=\skip78
\backup@length=\skip79
\ar@cellbox=\box63
) (/Users/zijin/Library/TinyTeX/texmf-dist/tex/latex/tools/calc.sty
Package: calc 2023/07/08 v4.3 Infix arithmetic (KKT,FJ)
\calc@Acount=\count310
\calc@Bcount=\count311
\calc@Adimen=\dimen177
\calc@Bdimen=\dimen178
\calc@Askip=\skip80
\calc@Bskip=\skip81
LaTeX Info: Redefining \setlength on input line 80.
LaTeX Info: Redefining \addtolength on input line 81.
\calc@Ccount=\count312
\calc@Cskip=\skip82
) (/Users/zijin/Library/TinyTeX/texmf-dist/tex/latex/mdwtools/footnote.sty
Package: footnote 1997/01/28 1.13 Save footnotes around boxes
\fn@notes=\box64
\fn@width=\dimen179
) (./trackchanges.sty
Package: trackchanges 2009/04/22 v0.7.0 TrackChanges file 
(/Users/zijin/Library/TinyTeX/texmf-dist/tex/generic/soul/soul.sty
Package: soul 2023-06-14 v3.1 Permit use of UTF-8 characters in soul (HO)
(/Users/zijin/Library/TinyTeX/texmf-dist/tex/generic/soul/soul-ori.sty
Package: soul-ori 2023-06-14 v3.1 letterspacing/underlining (mf)
\SOUL@word=\toks29
\SOUL@lasttoken=\toks30
\SOUL@syllable=\toks31
\SOUL@cmds=\toks32
\SOUL@buffer=\toks33
\SOUL@token=\toks34
\SOUL@syllgoal=\dimen180
\SOUL@syllwidth=\dimen181
\SOUL@charkern=\dimen182
\SOUL@hyphkern=\dimen183
\SOUL@dimen=\dimen184
\SOUL@dimeni=\dimen185
\SOUL@minus=\count313
\SOUL@comma=\count314
\SOUL@apo=\count315
\SOUL@grave=\count316
\SOUL@spaceskip=\skip83
\SOUL@ttwidth=\dimen186
\SOUL@uldp=\dimen187
\SOUL@ulht=\dimen188
) (/Users/zijin/Library/TinyTeX/texmf-dist/tex/generic/infwarerr/infwarerr.sty
Package: infwarerr 2019/12/03 v1.5 Providing info/warning/error messages (HO)
) (/Users/zijin/Library/TinyTeX/texmf-dist/tex/generic/etexcmds/etexcmds.sty
Package: etexcmds 2019/12/15 v1.7 Avoid name clashes with e-TeX commands (HO)
)) (/Users/zijin/Library/TinyTeX/texmf-dist/tex/latex/morefloats/morefloats.sty
Package: morefloats 2015/07/22 v1.0h Raise limit of unprocessed floats (HMM)
Package morefloats Info: Maximum number of possible floats asked for: 36
(morefloats)             (i.e. 18 more floats).
(morefloats)             LaTeX might run out of memory before this
(morefloats)             (in which case it will notify you).
)
\c@userid=\count317
\c@changenumber=\count318
\c@storefootnote=\count319
\c@numeditors=\count320
\c@maxeditors=\count321
) (/Users/zijin/Library/TinyTeX/texmf-dist/tex/latex/tcolorbox/tcolorbox.sty
Package: tcolorbox 2024/01/10 version 6.2.0 text color boxes
(/Users/zijin/Library/TinyTeX/texmf-dist/tex/latex/pgf/basiclayer/pgf.sty (/Users/zijin/Library/TinyTeX/texmf-dist/tex/latex/pgf/utilities/pgfrcs.sty (/Users/zijin/Library/TinyTeX/texmf-dist/tex/generic/pgf/utilities/pgfutil-common.tex
\pgfutil@everybye=\toks35
\pgfutil@tempdima=\dimen189
\pgfutil@tempdimb=\dimen190
) (/Users/zijin/Library/TinyTeX/texmf-dist/tex/generic/pgf/utilities/pgfutil-latex.def
\pgfutil@abb=\box65
) (/Users/zijin/Library/TinyTeX/texmf-dist/tex/generic/pgf/utilities/pgfrcs.code.tex (/Users/zijin/Library/TinyTeX/texmf-dist/tex/generic/pgf/pgf.revision.tex)
Package: pgfrcs 2023-01-15 v3.1.10 (3.1.10)
))
Package: pgf 2023-01-15 v3.1.10 (3.1.10)
(/Users/zijin/Library/TinyTeX/texmf-dist/tex/latex/pgf/basiclayer/pgfcore.sty (/Users/zijin/Library/TinyTeX/texmf-dist/tex/latex/pgf/systemlayer/pgfsys.sty (/Users/zijin/Library/TinyTeX/texmf-dist/tex/generic/pgf/systemlayer/pgfsys.code.tex
Package: pgfsys 2023-01-15 v3.1.10 (3.1.10)
(/Users/zijin/Library/TinyTeX/texmf-dist/tex/generic/pgf/utilities/pgfkeys.code.tex
\pgfkeys@pathtoks=\toks36
\pgfkeys@temptoks=\toks37
(/Users/zijin/Library/TinyTeX/texmf-dist/tex/generic/pgf/utilities/pgfkeyslibraryfiltered.code.tex
\pgfkeys@tmptoks=\toks38
))
\pgf@x=\dimen191
\pgf@y=\dimen192
\pgf@xa=\dimen193
\pgf@ya=\dimen194
\pgf@xb=\dimen195
\pgf@yb=\dimen196
\pgf@xc=\dimen197
\pgf@yc=\dimen198
\pgf@xd=\dimen199
\pgf@yd=\dimen256
\w@pgf@writea=\write3
\r@pgf@reada=\read2
\c@pgf@counta=\count322
\c@pgf@countb=\count323
\c@pgf@countc=\count324
\c@pgf@countd=\count325
\t@pgf@toka=\toks39
\t@pgf@tokb=\toks40
\t@pgf@tokc=\toks41
\pgf@sys@id@count=\count326
(/Users/zijin/Library/TinyTeX/texmf-dist/tex/generic/pgf/systemlayer/pgf.cfg
File: pgf.cfg 2023-01-15 v3.1.10 (3.1.10)
)
Driver file for pgf: pgfsys-xetex.def
(/Users/zijin/Library/TinyTeX/texmf-dist/tex/generic/pgf/systemlayer/pgfsys-xetex.def
File: pgfsys-xetex.def 2023-01-15 v3.1.10 (3.1.10)
(/Users/zijin/Library/TinyTeX/texmf-dist/tex/generic/pgf/systemlayer/pgfsys-dvipdfmx.def
File: pgfsys-dvipdfmx.def 2023-01-15 v3.1.10 (3.1.10)
(/Users/zijin/Library/TinyTeX/texmf-dist/tex/generic/pgf/systemlayer/pgfsys-common-pdf.def
File: pgfsys-common-pdf.def 2023-01-15 v3.1.10 (3.1.10)
)
\pgfsys@objnum=\count327
))) (/Users/zijin/Library/TinyTeX/texmf-dist/tex/generic/pgf/systemlayer/pgfsyssoftpath.code.tex
File: pgfsyssoftpath.code.tex 2023-01-15 v3.1.10 (3.1.10)
\pgfsyssoftpath@smallbuffer@items=\count328
\pgfsyssoftpath@bigbuffer@items=\count329
) (/Users/zijin/Library/TinyTeX/texmf-dist/tex/generic/pgf/systemlayer/pgfsysprotocol.code.tex
File: pgfsysprotocol.code.tex 2023-01-15 v3.1.10 (3.1.10)
)) (/Users/zijin/Library/TinyTeX/texmf-dist/tex/generic/pgf/basiclayer/pgfcore.code.tex
Package: pgfcore 2023-01-15 v3.1.10 (3.1.10)
(/Users/zijin/Library/TinyTeX/texmf-dist/tex/generic/pgf/math/pgfmath.code.tex (/Users/zijin/Library/TinyTeX/texmf-dist/tex/generic/pgf/math/pgfmathutil.code.tex) (/Users/zijin/Library/TinyTeX/texmf-dist/tex/generic/pgf/math/pgfmathparser.code.tex
\pgfmath@dimen=\dimen257
\pgfmath@count=\count330
\pgfmath@box=\box66
\pgfmath@toks=\toks42
\pgfmath@stack@operand=\toks43
\pgfmath@stack@operation=\toks44
) (/Users/zijin/Library/TinyTeX/texmf-dist/tex/generic/pgf/math/pgfmathfunctions.code.tex) (/Users/zijin/Library/TinyTeX/texmf-dist/tex/generic/pgf/math/pgfmathfunctions.basic.code.tex) (/Users/zijin/Library/TinyTeX/texmf-dist/tex/generic/pgf/math/pgfmathfunctions.trigonometric.code.tex) (/Users/zijin/Library/TinyTeX/texmf-dist/tex/generic/pgf/math/pgfmathfunctions.random.code.tex) (/Users/zijin/Library/TinyTeX/texmf-dist/tex/generic/pgf/math/pgfmathfunctions.comparison.code.tex) (/Users/zijin/Library/TinyTeX/texmf-dist/tex/generic/pgf/math/pgfmathfunctions.base.code.tex) (/Users/zijin/Library/TinyTeX/texmf-dist/tex/generic/pgf/math/pgfmathfunctions.round.code.tex) (/Users/zijin/Library/TinyTeX/texmf-dist/tex/generic/pgf/math/pgfmathfunctions.misc.code.tex) (/Users/zijin/Library/TinyTeX/texmf-dist/tex/generic/pgf/math/pgfmathfunctions.integerarithmetics.code.tex) (/Users/zijin/Library/TinyTeX/texmf-dist/tex/generic/pgf/math/pgfmathcalc.code.tex) (/Users/zijin/Library/TinyTeX/texmf-dist/tex/generic/pgf/math/pgfmathfloat.code.tex
\c@pgfmathroundto@lastzeros=\count331
)) (/Users/zijin/Library/TinyTeX/texmf-dist/tex/generic/pgf/math/pgfint.code.tex) (/Users/zijin/Library/TinyTeX/texmf-dist/tex/generic/pgf/basiclayer/pgfcorepoints.code.tex
File: pgfcorepoints.code.tex 2023-01-15 v3.1.10 (3.1.10)
\pgf@picminx=\dimen258
\pgf@picmaxx=\dimen259
\pgf@picminy=\dimen260
\pgf@picmaxy=\dimen261
\pgf@pathminx=\dimen262
\pgf@pathmaxx=\dimen263
\pgf@pathminy=\dimen264
\pgf@pathmaxy=\dimen265
\pgf@xx=\dimen266
\pgf@xy=\dimen267
\pgf@yx=\dimen268
\pgf@yy=\dimen269
\pgf@zx=\dimen270
\pgf@zy=\dimen271
) (/Users/zijin/Library/TinyTeX/texmf-dist/tex/generic/pgf/basiclayer/pgfcorepathconstruct.code.tex
File: pgfcorepathconstruct.code.tex 2023-01-15 v3.1.10 (3.1.10)
\pgf@path@lastx=\dimen272
\pgf@path@lasty=\dimen273
) (/Users/zijin/Library/TinyTeX/texmf-dist/tex/generic/pgf/basiclayer/pgfcorepathusage.code.tex
File: pgfcorepathusage.code.tex 2023-01-15 v3.1.10 (3.1.10)
\pgf@shorten@end@additional=\dimen274
\pgf@shorten@start@additional=\dimen275
) (/Users/zijin/Library/TinyTeX/texmf-dist/tex/generic/pgf/basiclayer/pgfcorescopes.code.tex
File: pgfcorescopes.code.tex 2023-01-15 v3.1.10 (3.1.10)
\pgfpic=\box67
\pgf@hbox=\box68
\pgf@layerbox@main=\box69
\pgf@picture@serial@count=\count332
) (/Users/zijin/Library/TinyTeX/texmf-dist/tex/generic/pgf/basiclayer/pgfcoregraphicstate.code.tex
File: pgfcoregraphicstate.code.tex 2023-01-15 v3.1.10 (3.1.10)
\pgflinewidth=\dimen276
) (/Users/zijin/Library/TinyTeX/texmf-dist/tex/generic/pgf/basiclayer/pgfcoretransformations.code.tex
File: pgfcoretransformations.code.tex 2023-01-15 v3.1.10 (3.1.10)
\pgf@pt@x=\dimen277
\pgf@pt@y=\dimen278
\pgf@pt@temp=\dimen279
) (/Users/zijin/Library/TinyTeX/texmf-dist/tex/generic/pgf/basiclayer/pgfcorequick.code.tex
File: pgfcorequick.code.tex 2023-01-15 v3.1.10 (3.1.10)
) (/Users/zijin/Library/TinyTeX/texmf-dist/tex/generic/pgf/basiclayer/pgfcoreobjects.code.tex
File: pgfcoreobjects.code.tex 2023-01-15 v3.1.10 (3.1.10)
) (/Users/zijin/Library/TinyTeX/texmf-dist/tex/generic/pgf/basiclayer/pgfcorepathprocessing.code.tex
File: pgfcorepathprocessing.code.tex 2023-01-15 v3.1.10 (3.1.10)
) (/Users/zijin/Library/TinyTeX/texmf-dist/tex/generic/pgf/basiclayer/pgfcorearrows.code.tex
File: pgfcorearrows.code.tex 2023-01-15 v3.1.10 (3.1.10)
\pgfarrowsep=\dimen280
) (/Users/zijin/Library/TinyTeX/texmf-dist/tex/generic/pgf/basiclayer/pgfcoreshade.code.tex
File: pgfcoreshade.code.tex 2023-01-15 v3.1.10 (3.1.10)
\pgf@max=\dimen281
\pgf@sys@shading@range@num=\count333
\pgf@shadingcount=\count334
) (/Users/zijin/Library/TinyTeX/texmf-dist/tex/generic/pgf/basiclayer/pgfcoreimage.code.tex
File: pgfcoreimage.code.tex 2023-01-15 v3.1.10 (3.1.10)
) (/Users/zijin/Library/TinyTeX/texmf-dist/tex/generic/pgf/basiclayer/pgfcoreexternal.code.tex
File: pgfcoreexternal.code.tex 2023-01-15 v3.1.10 (3.1.10)
\pgfexternal@startupbox=\box70
) (/Users/zijin/Library/TinyTeX/texmf-dist/tex/generic/pgf/basiclayer/pgfcorelayers.code.tex
File: pgfcorelayers.code.tex 2023-01-15 v3.1.10 (3.1.10)
) (/Users/zijin/Library/TinyTeX/texmf-dist/tex/generic/pgf/basiclayer/pgfcoretransparency.code.tex
File: pgfcoretransparency.code.tex 2023-01-15 v3.1.10 (3.1.10)
) (/Users/zijin/Library/TinyTeX/texmf-dist/tex/generic/pgf/basiclayer/pgfcorepatterns.code.tex
File: pgfcorepatterns.code.tex 2023-01-15 v3.1.10 (3.1.10)
) (/Users/zijin/Library/TinyTeX/texmf-dist/tex/generic/pgf/basiclayer/pgfcorerdf.code.tex
File: pgfcorerdf.code.tex 2023-01-15 v3.1.10 (3.1.10)
))) (/Users/zijin/Library/TinyTeX/texmf-dist/tex/generic/pgf/modules/pgfmoduleshapes.code.tex
File: pgfmoduleshapes.code.tex 2023-01-15 v3.1.10 (3.1.10)
\pgfnodeparttextbox=\box71
) (/Users/zijin/Library/TinyTeX/texmf-dist/tex/generic/pgf/modules/pgfmoduleplot.code.tex
File: pgfmoduleplot.code.tex 2023-01-15 v3.1.10 (3.1.10)
) (/Users/zijin/Library/TinyTeX/texmf-dist/tex/latex/pgf/compatibility/pgfcomp-version-0-65.sty
Package: pgfcomp-version-0-65 2023-01-15 v3.1.10 (3.1.10)
\pgf@nodesepstart=\dimen282
\pgf@nodesepend=\dimen283
) (/Users/zijin/Library/TinyTeX/texmf-dist/tex/latex/pgf/compatibility/pgfcomp-version-1-18.sty
Package: pgfcomp-version-1-18 2023-01-15 v3.1.10 (3.1.10)
)) (/Users/zijin/Library/TinyTeX/texmf-dist/tex/latex/tools/verbatim.sty
Package: verbatim 2023-11-06 v1.5v LaTeX2e package for verbatim enhancements
\every@verbatim=\toks45
\verbatim@line=\toks46
\verbatim@in@stream=\read3
) (/Users/zijin/Library/TinyTeX/texmf-dist/tex/latex/environ/environ.sty
Package: environ 2014/05/04 v0.3 A new way to define environments
(/Users/zijin/Library/TinyTeX/texmf-dist/tex/latex/trimspaces/trimspaces.sty
Package: trimspaces 2009/09/17 v1.1 Trim spaces around a token list
))
\tcb@titlebox=\box72
\tcb@upperbox=\box73
\tcb@lowerbox=\box74
\tcb@phantombox=\box75
\c@tcbbreakpart=\count335
\c@tcblayer=\count336
\c@tcolorbox@number=\count337
\l__tcobox_tmpa_box=\box76
\l__tcobox_tmpa_dim=\dimen284
\tcb@temp=\box77
\tcb@temp=\box78
\tcb@temp=\box79
\tcb@temp=\box80
(/Users/zijin/Library/TinyTeX/texmf-dist/tex/latex/tcolorbox/tcbskins.code.tex
Library (tcolorbox): 'tcbskins.code.tex' version '6.2.0'
(/Users/zijin/Library/TinyTeX/texmf-dist/tex/latex/pgf/frontendlayer/tikz.sty (/Users/zijin/Library/TinyTeX/texmf-dist/tex/latex/pgf/utilities/pgffor.sty (/Users/zijin/Library/TinyTeX/texmf-dist/tex/latex/pgf/utilities/pgfkeys.sty (/Users/zijin/Library/TinyTeX/texmf-dist/tex/generic/pgf/utilities/pgfkeys.code.tex)) (/Users/zijin/Library/TinyTeX/texmf-dist/tex/latex/pgf/math/pgfmath.sty (/Users/zijin/Library/TinyTeX/texmf-dist/tex/generic/pgf/math/pgfmath.code.tex)) (/Users/zijin/Library/TinyTeX/texmf-dist/tex/generic/pgf/utilities/pgffor.code.tex
Package: pgffor 2023-01-15 v3.1.10 (3.1.10)
\pgffor@iter=\dimen285
\pgffor@skip=\dimen286
\pgffor@stack=\toks47
\pgffor@toks=\toks48
)) (/Users/zijin/Library/TinyTeX/texmf-dist/tex/generic/pgf/frontendlayer/tikz/tikz.code.tex
Package: tikz 2023-01-15 v3.1.10 (3.1.10)
(/Users/zijin/Library/TinyTeX/texmf-dist/tex/generic/pgf/libraries/pgflibraryplothandlers.code.tex
File: pgflibraryplothandlers.code.tex 2023-01-15 v3.1.10 (3.1.10)
\pgf@plot@mark@count=\count338
\pgfplotmarksize=\dimen287
)
\tikz@lastx=\dimen288
\tikz@lasty=\dimen289
\tikz@lastxsaved=\dimen290
\tikz@lastysaved=\dimen291
\tikz@lastmovetox=\dimen292
\tikz@lastmovetoy=\dimen293
\tikzleveldistance=\dimen294
\tikzsiblingdistance=\dimen295
\tikz@figbox=\box81
\tikz@figbox@bg=\box82
\tikz@tempbox=\box83
\tikz@tempbox@bg=\box84
\tikztreelevel=\count339
\tikznumberofchildren=\count340
\tikznumberofcurrentchild=\count341
\tikz@fig@count=\count342
(/Users/zijin/Library/TinyTeX/texmf-dist/tex/generic/pgf/modules/pgfmodulematrix.code.tex
File: pgfmodulematrix.code.tex 2023-01-15 v3.1.10 (3.1.10)
\pgfmatrixcurrentrow=\count343
\pgfmatrixcurrentcolumn=\count344
\pgf@matrix@numberofcolumns=\count345
)
\tikz@expandcount=\count346
(/Users/zijin/Library/TinyTeX/texmf-dist/tex/generic/pgf/frontendlayer/tikz/libraries/tikzlibrarytopaths.code.tex
File: tikzlibrarytopaths.code.tex 2023-01-15 v3.1.10 (3.1.10)
))) (/Users/zijin/Library/TinyTeX/texmf-dist/tex/latex/tikzfill/tikzfill.image.sty
Package: tikzfill.image 2023/08/08 v1.0.1 Image filling library for TikZ
(/Users/zijin/Library/TinyTeX/texmf-dist/tex/latex/tikzfill/tikzfill-common.sty
Package: tikzfill-common 2023/08/08 v1.0.1 Auxiliary code for tikzfill
) (/Users/zijin/Library/TinyTeX/texmf-dist/tex/latex/tikzfill/tikzlibraryfill.image.code.tex
File: tikzlibraryfill.image.code.tex 2023/08/08 v1.0.1 Image filling library
\l__tikzfill_img_box=\box85
)) (/Users/zijin/Library/TinyTeX/texmf-dist/tex/latex/tcolorbox/tcbskinsjigsaw.code.tex
Library (tcolorbox): 'tcbskinsjigsaw.code.tex' version '6.2.0'
)) (/Users/zijin/Library/TinyTeX/texmf-dist/tex/latex/tcolorbox/tcbbreakable.code.tex
Library (tcolorbox): 'tcbbreakable.code.tex' version '6.2.0'
(/Users/zijin/Library/TinyTeX/texmf-dist/tex/latex/pdfcol/pdfcol.sty
Package: pdfcol 2022-09-21 v1.7 Handle new color stacks for pdfTeX (HO)
Package pdfcol Info: Interface disabled because of missing PDF mode of pdfTeX.
)
Package pdfcol Info: pdfTeX's color stacks are not available.
\tcb@testbox=\box86
\tcb@totalupperbox=\box87
\tcb@totallowerbox=\box88
)) (/Users/zijin/Library/TinyTeX/texmf-dist/tex/latex/fontawesome5/fontawesome5.sty
Package: fontawesome5 2022/05/02 v5.15.4 Font Awesome 5
(/Users/zijin/Library/TinyTeX/texmf-dist/tex/latex/fontawesome5/fontawesome5-utex-helper.sty
Package: fontawesome5-utex-helper 2022/05/02 v5.15.4 uTeX helper for fontawesome5
LaTeX Font Info:    Trying to load font information for TU+fontawesomefree on input line 69.
(/Users/zijin/Library/TinyTeX/texmf-dist/tex/latex/fontawesome5/tufontawesomefree.fd)
LaTeX Font Info:    Trying to load font information for TU+fontawesomebrands on input line 70.
(/Users/zijin/Library/TinyTeX/texmf-dist/tex/latex/fontawesome5/tufontawesomebrands.fd))) (/Users/zijin/Library/TinyTeX/texmf-dist/tex/latex/caption/caption.sty
Package: caption 2023/08/05 v3.6o Customizing captions (AR)
(/Users/zijin/Library/TinyTeX/texmf-dist/tex/latex/caption/caption3.sty
Package: caption3 2023/07/31 v2.4d caption3 kernel (AR)
\caption@tempdima=\dimen296
\captionmargin=\dimen297
\caption@leftmargin=\dimen298
\caption@rightmargin=\dimen299
\caption@width=\dimen300
\caption@indent=\dimen301
\caption@parindent=\dimen302
\caption@hangindent=\dimen303
Package caption Info: Unknown document class (or package),
(caption)             standard defaults will be used.
Package caption Info: \@makecaption = \long macro:#1#2->{\small \ifx \@captype \xfigure \vskip \abovecaptionskip \fi {\ifturnofflinenums \else \ifnumlines \internallinenumbers \fi \fi \sbox \@tempboxa {\bf #1.\quad \rm #2}\ifdim \wd \@tempboxa >.9\hsize \bf #1.\quad \rm \relax #2\par \else {\centering \bf #1.\rm \quad #2 \vskip 1sp} \fi } \ifx \@captype \xfigure \else \vskip \belowcaptionskip \fi } on input line 1175.
)

Package caption Warning: Unknown document class (or package),
(caption)                standard defaults will be used.
See the caption package documentation for explanation.

\c@caption@flags=\count347
\c@continuedfloat=\count348
Package caption Info: longtable package is loaded.
(/Users/zijin/Library/TinyTeX/texmf-dist/tex/latex/caption/ltcaption.sty
Package: ltcaption 2021/01/08 v1.4c longtable captions (AR)
)
Package caption Info: rotating package is loaded.
) (/Users/zijin/Library/TinyTeX/texmf-dist/tex/latex/float/float.sty
Package: float 2001/11/08 v1.3d Float enhancements (AL)
\c@float@type=\count349
\float@exts=\toks49
\float@box=\box89
\@float@everytoks=\toks50
\@floatcapt=\box90
)
\@float@every@codelisting=\toks51
\c@codelisting=\count350
(/Users/zijin/Library/TinyTeX/texmf-dist/tex/latex/caption/subcaption.sty
Package: subcaption 2023/07/28 v1.6b Sub-captions (AR)
Package caption Info: New subtype `subfigure' on input line 238.
\c@subfigure=\count351
Package caption Info: New subtype `subtable' on input line 238.
\c@subtable=\count352
) (/Users/zijin/Library/TinyTeX/texmf-dist/tex/latex/sidenotes/sidenotes.sty
Package: sidenotes 2016/04/21 v1.00 rich text in the margin for LaTeX
(/Users/zijin/Library/TinyTeX/texmf-dist/tex/latex/marginnote/marginnote.sty
Package: marginnote 2018/08/09 1.4b non floating margin notes for LaTeX
\c@mn@abspage=\count353
) (/Users/zijin/Library/TinyTeX/texmf-dist/tex/latex/changepage/changepage.sty
Package: changepage 2009/10/20 v1.0c check page and change page layout
\c@cp@cntr=\count354
\cp@tempcnt=\count355
)
\c@sidenote=\count356
\@sidenotes@marginfigurebox=\box91
\@sidenotes@margintablebox=\box92
) (/Users/zijin/Library/TinyTeX/texmf-dist/tex/latex/natbib/natbib.sty
Package: natbib 2010/09/13 8.31b (PWD, AO)
\bibhang=\skip84
\bibsep=\skip85
LaTeX Info: Redefining \cite on input line 694.
LaTeX Info: Redefining \citeauthor on input line 712.
LaTeX Info: Redefining \citeyear on input line 735.
\c@NAT@ctr=\count357
) (/Users/zijin/Library/TinyTeX/texmf-dist/tex/latex/bookmark/bookmark.sty
Package: bookmark 2023-12-10 v1.31 PDF bookmarks (HO)
(/Users/zijin/Library/TinyTeX/texmf-dist/tex/latex/hyperref/hyperref.sty
Package: hyperref 2024-01-20 v7.01h Hypertext links for LaTeX
(/Users/zijin/Library/TinyTeX/texmf-dist/tex/generic/kvdefinekeys/kvdefinekeys.sty
Package: kvdefinekeys 2019-12-19 v1.6 Define keys (HO)
) (/Users/zijin/Library/TinyTeX/texmf-dist/tex/generic/pdfescape/pdfescape.sty
Package: pdfescape 2019/12/09 v1.15 Implements pdfTeX's escape features (HO)
(/Users/zijin/Library/TinyTeX/texmf-dist/tex/generic/pdftexcmds/pdftexcmds.sty
Package: pdftexcmds 2020-06-27 v0.33 Utility functions of pdfTeX for LuaTeX (HO)
Package pdftexcmds Info: \pdf@primitive is available.
Package pdftexcmds Info: \pdf@ifprimitive is available.
Package pdftexcmds Info: \pdfdraftmode not found.
)) (/Users/zijin/Library/TinyTeX/texmf-dist/tex/latex/hycolor/hycolor.sty
Package: hycolor 2020-01-27 v1.10 Color options for hyperref/bookmark (HO)
) (/Users/zijin/Library/TinyTeX/texmf-dist/tex/latex/auxhook/auxhook.sty
Package: auxhook 2019-12-17 v1.6 Hooks for auxiliary files (HO)
) (/Users/zijin/Library/TinyTeX/texmf-dist/tex/latex/hyperref/nameref.sty
Package: nameref 2023-11-26 v2.56 Cross-referencing by name of section
(/Users/zijin/Library/TinyTeX/texmf-dist/tex/latex/refcount/refcount.sty
Package: refcount 2019/12/15 v3.6 Data extraction from label references (HO)
) (/Users/zijin/Library/TinyTeX/texmf-dist/tex/generic/gettitlestring/gettitlestring.sty
Package: gettitlestring 2019/12/15 v1.6 Cleanup title references (HO)
)
\c@section@level=\count358
)
\@linkdim=\dimen304
\Hy@linkcounter=\count359
\Hy@pagecounter=\count360
(/Users/zijin/Library/TinyTeX/texmf-dist/tex/latex/hyperref/pd1enc.def
File: pd1enc.def 2024-01-20 v7.01h Hyperref: PDFDocEncoding definition (HO)
) (/Users/zijin/Library/TinyTeX/texmf-dist/tex/generic/intcalc/intcalc.sty
Package: intcalc 2019/12/15 v1.3 Expandable calculations with integers (HO)
)
\Hy@SavedSpaceFactor=\count361
(/Users/zijin/Library/TinyTeX/texmf-dist/tex/latex/hyperref/puenc.def
File: puenc.def 2024-01-20 v7.01h Hyperref: PDF Unicode definition (HO)
)
Package hyperref Info: Option `unicode' set `true' on input line 4062.
Package hyperref Info: Hyper figures OFF on input line 4179.
Package hyperref Info: Link nesting OFF on input line 4184.
Package hyperref Info: Hyper index ON on input line 4187.
Package hyperref Info: Plain pages OFF on input line 4194.
Package hyperref Info: Backreferencing OFF on input line 4199.
Package hyperref Info: Implicit mode ON; LaTeX internals redefined.
Package hyperref Info: Bookmarks ON on input line 4446.
\c@Hy@tempcnt=\count362
LaTeX Info: Redefining \url on input line 4784.
\XeTeXLinkMargin=\dimen305
(/Users/zijin/Library/TinyTeX/texmf-dist/tex/generic/bitset/bitset.sty
Package: bitset 2019/12/09 v1.3 Handle bit-vector datatype (HO)
(/Users/zijin/Library/TinyTeX/texmf-dist/tex/generic/bigintcalc/bigintcalc.sty
Package: bigintcalc 2019/12/15 v1.5 Expandable calculations on big integers (HO)
))
\Fld@menulength=\count363
\Field@Width=\dimen306
\Fld@charsize=\dimen307
Package hyperref Info: Hyper figures OFF on input line 6063.
Package hyperref Info: Link nesting OFF on input line 6068.
Package hyperref Info: Hyper index ON on input line 6071.
Package hyperref Info: backreferencing OFF on input line 6078.
Package hyperref Info: Link coloring OFF on input line 6083.
Package hyperref Info: Link coloring with OCG OFF on input line 6088.
Package hyperref Info: PDF/A mode OFF on input line 6093.
(/Users/zijin/Library/TinyTeX/texmf-dist/tex/latex/base/atbegshi-ltx.sty
Package: atbegshi-ltx 2021/01/10 v1.0c Emulation of the original atbegshi
package with kernel methods
)
\Hy@abspage=\count364
\c@Item=\count365
\c@Hfootnote=\count366
)
Package hyperref Info: Driver (autodetected): hxetex.
(/Users/zijin/Library/TinyTeX/texmf-dist/tex/latex/hyperref/hxetex.def
File: hxetex.def 2024-01-20 v7.01h Hyperref driver for XeTeX
(/Users/zijin/Library/TinyTeX/texmf-dist/tex/generic/stringenc/stringenc.sty
Package: stringenc 2019/11/29 v1.12 Convert strings between diff. encodings (HO)
)
\pdfm@box=\box93
\c@Hy@AnnotLevel=\count367
\HyField@AnnotCount=\count368
\Fld@listcount=\count369
\c@bookmark@seq@number=\count370
(/Users/zijin/Library/TinyTeX/texmf-dist/tex/latex/rerunfilecheck/rerunfilecheck.sty
Package: rerunfilecheck 2022-07-10 v1.10 Rerun checks for auxiliary files (HO)
(/Users/zijin/Library/TinyTeX/texmf-dist/tex/latex/base/atveryend-ltx.sty
Package: atveryend-ltx 2020/08/19 v1.0a Emulation of the original atveryend package
with kernel methods
) (/Users/zijin/Library/TinyTeX/texmf-dist/tex/generic/uniquecounter/uniquecounter.sty
Package: uniquecounter 2019/12/15 v1.4 Provide unlimited unique counter (HO)
)
Package uniquecounter Info: New unique counter `rerunfilecheck' on input line 285.
)
\Hy@SectionHShift=\skip86
) (/Users/zijin/Library/TinyTeX/texmf-dist/tex/latex/bookmark/bkm-dvipdfm.def
File: bkm-dvipdfm.def 2023-12-10 v1.31 bookmark driver for dvipdfm (HO)
\BKM@id=\count371
))
Package hyperref Info: Option `colorlinks' set `true' on input line 162.
(./index.aux

LaTeX Warning: Label `fig-examples' multiply defined.

)
\openout1 = `index.aux'.

LaTeX Font Info:    Checking defaults for OML/cmm/m/it on input line 168.
LaTeX Font Info:    ... okay on input line 168.
LaTeX Font Info:    Checking defaults for OMS/cmsy/m/n on input line 168.
LaTeX Font Info:    ... okay on input line 168.
LaTeX Font Info:    Checking defaults for OT1/cmr/m/n on input line 168.
LaTeX Font Info:    ... okay on input line 168.
LaTeX Font Info:    Checking defaults for T1/cmr/m/n on input line 168.
LaTeX Font Info:    ... okay on input line 168.
LaTeX Font Info:    Checking defaults for TS1/cmr/m/n on input line 168.
LaTeX Font Info:    ... okay on input line 168.
LaTeX Font Info:    Checking defaults for TU/lmr/m/n on input line 168.
LaTeX Font Info:    ... okay on input line 168.
LaTeX Font Info:    Checking defaults for OMX/cmex/m/n on input line 168.
LaTeX Font Info:    ... okay on input line 168.
LaTeX Font Info:    Checking defaults for U/cmr/m/n on input line 168.
LaTeX Font Info:    ... okay on input line 168.
LaTeX Font Info:    Checking defaults for PD1/pdf/m/n on input line 168.
LaTeX Font Info:    ... okay on input line 168.
LaTeX Font Info:    Checking defaults for PU/pdf/m/n on input line 168.
LaTeX Font Info:    ... okay on input line 168.
\c@maskedRefs=\count372
(/Users/zijin/Library/TinyTeX/texmf-dist/tex/latex/apacite/english.apc
File: english.apc 2013/07/21 v6.03 apacite language file
LaTeX Info: Redefining \BPBI on input line 129.
LaTeX Info: Redefining \BHBI on input line 130.
)
LaTeX Font Info:    Overwriting math alphabet `\mathrm' in version `normal'
(Font)                  OT1/lmr/m/n --> TU/lmr/m/n on input line 168.
LaTeX Font Info:    Overwriting math alphabet `\mathit' in version `normal'
(Font)                  OT1/lmr/m/it --> TU/lmr/m/it on input line 168.
LaTeX Font Info:    Overwriting math alphabet `\mathbf' in version `normal'
(Font)                  OT1/lmr/bx/n --> TU/lmr/bx/n on input line 168.
LaTeX Font Info:    Overwriting math alphabet `\mathsf' in version `normal'
(Font)                  OT1/lmss/m/n --> TU/lmss/m/n on input line 168.
LaTeX Font Info:    Overwriting math alphabet `\mathsf' in version `bold'
(Font)                  OT1/lmss/bx/n --> TU/lmss/bx/n on input line 168.
LaTeX Font Info:    Overwriting math alphabet `\mathtt' in version `normal'
(Font)                  OT1/lmtt/m/n --> TU/lmtt/m/n on input line 168.
LaTeX Font Info:    Overwriting math alphabet `\mathtt' in version `bold'
(Font)                  OT1/lmtt/m/n --> TU/lmtt/bx/n on input line 168.

Package fontspec Info: latinmodern-math scale = 0.9999964596882403.


Package fontspec Info: latinmodern-math scale = 0.9999964596882403.


Package fontspec Info: latinmodern-math scale = 0.9999964596882403.


Package fontspec Info: Font family 'latinmodern-math.otf(0)' created for font
(fontspec)             'latinmodern-math.otf' with options
(fontspec)             [Scale=MatchLowercase,BoldItalicFont={},ItalicFont={},SmallCapsFont={},Script=Math,BoldFont={latinmodern-math.otf}].
(fontspec)              
(fontspec)              This font family consists of the following NFSS
(fontspec)             series/shapes:
(fontspec)              
(fontspec)             - 'normal' (m/n) with NFSS spec.:
(fontspec)             <->s*[0.9999964596882403]"[latinmodern-math.otf]/OT:script=math;language=dflt;"
(fontspec)             - 'small caps'  (m/sc) with NFSS spec.: 
(fontspec)             - 'bold' (b/n) with NFSS spec.:
(fontspec)             <->s*[0.9999964596882403]"[latinmodern-math.otf]/OT:script=math;language=dflt;"
(fontspec)             - 'bold small caps'  (b/sc) with NFSS spec.: 

LaTeX Font Info:    Font shape `TU/latinmodern-math.otf(0)/m/n' will be
(Font)              scaled to size 10.0pt on input line 168.

Package fontspec Info: latinmodern-math scale = 0.9999964596882403.


Package fontspec Info: latinmodern-math scale = 0.9999964596882403.


Package fontspec Info: latinmodern-math scale = 0.9999964596882403.


Package fontspec Info: latinmodern-math scale = 0.9999964596882403.


Package fontspec Info: latinmodern-math scale = 0.9999964596882403.


Package fontspec Info: Font family 'latinmodern-math.otf(1)' created for font
(fontspec)             'latinmodern-math.otf' with options
(fontspec)             [Scale=MatchLowercase,BoldItalicFont={},ItalicFont={},SmallCapsFont={},Script=Math,SizeFeatures={{Size=8.5-},{Size=6-8.5,Font=latinmodern-math.otf,Style=MathScript},{Size=-6,Font=latinmodern-math.otf,Style=MathScriptScript}},BoldFont={latinmodern-math.otf}].
(fontspec)              
(fontspec)              This font family consists of the following NFSS
(fontspec)             series/shapes:
(fontspec)              
(fontspec)             - 'normal' (m/n) with NFSS spec.:
(fontspec)             <8.5->s*[0.9999964596882403]"[latinmodern-math.otf]/OT:script=math;language=dflt;"<6-8.5>s*[0.9999964596882403]"[latinmodern-math.otf]/OT:script=math;language=dflt;+ssty=0;"<-6>s*[0.9999964596882403]"[latinmodern-math.otf]/OT:script=math;language=dflt;+ssty=1;"
(fontspec)             - 'small caps'  (m/sc) with NFSS spec.: 
(fontspec)             - 'bold' (b/n) with NFSS spec.:
(fontspec)             <->s*[0.9999964596882403]"[latinmodern-math.otf]/OT:script=math;language=dflt;"
(fontspec)             - 'bold small caps'  (b/sc) with NFSS spec.: 

LaTeX Font Info:    Font shape `TU/latinmodern-math.otf(1)/m/n' will be
(Font)              scaled to size 10.0pt on input line 168.
LaTeX Font Info:    Encoding `OT1' has changed to `TU' for symbol font
(Font)              `operators' in the math version `normal' on input line 168.
LaTeX Font Info:    Overwriting symbol font `operators' in version `normal'
(Font)                  OT1/lmr/m/n --> TU/latinmodern-math.otf(1)/m/n on input line 168.
LaTeX Font Info:    Encoding `OT1' has changed to `TU' for symbol font
(Font)              `operators' in the math version `bold' on input line 168.
LaTeX Font Info:    Overwriting symbol font `operators' in version `bold'
(Font)                  OT1/lmr/bx/n --> TU/latinmodern-math.otf(1)/b/n on input line 168.

Package fontspec Info: latinmodern-math scale = 0.9999964596882403.


Package fontspec Info: latinmodern-math scale = 1.000096459334209.


Package fontspec Info: latinmodern-math scale = 0.9999964596882403.


Package fontspec Info: latinmodern-math scale = 1.000096459334209.


Package fontspec Info: latinmodern-math scale = 0.9999964596882403.


Package fontspec Info: latinmodern-math scale = 1.000096459334209.


Package fontspec Info: latinmodern-math scale = 0.9999964596882403.


Package fontspec Info: latinmodern-math scale = 1.000096459334209.


Package fontspec Info: latinmodern-math scale = 0.9999964596882403.


Package fontspec Info: latinmodern-math scale = 1.000096459334209.


Package fontspec Info: Font family 'latinmodern-math.otf(2)' created for font
(fontspec)             'latinmodern-math.otf' with options
(fontspec)             [Scale=MatchLowercase,BoldItalicFont={},ItalicFont={},SmallCapsFont={},Script=Math,SizeFeatures={{Size=8.5-},{Size=6-8.5,Font=latinmodern-math.otf,Style=MathScript},{Size=-6,Font=latinmodern-math.otf,Style=MathScriptScript}},BoldFont={latinmodern-math.otf},ScaleAgain=1.0001,FontAdjustment={\fontdimen
(fontspec)             8\font =6.77pt\relax \fontdimen 9\font =3.94pt\relax
(fontspec)             \fontdimen 10\font =4.44pt\relax \fontdimen 11\font
(fontspec)             =6.86pt\relax \fontdimen 12\font =3.45pt\relax
(fontspec)             \fontdimen 13\font =3.63pt\relax \fontdimen 14\font
(fontspec)             =3.63pt\relax \fontdimen 15\font =2.89pt\relax
(fontspec)             \fontdimen 16\font =2.47pt\relax \fontdimen 17\font
(fontspec)             =2.47pt\relax \fontdimen 18\font =2.5pt\relax
(fontspec)             \fontdimen 19\font =2.0pt\relax \fontdimen 22\font
(fontspec)             =2.5pt\relax \fontdimen 20\font =0pt\relax \fontdimen
(fontspec)             21\font =0pt\relax }].
(fontspec)              
(fontspec)              This font family consists of the following NFSS
(fontspec)             series/shapes:
(fontspec)              
(fontspec)             - 'normal' (m/n) with NFSS spec.:
(fontspec)             <8.5->s*[1.000096459334209]"[latinmodern-math.otf]/OT:script=math;language=dflt;"<6-8.5>s*[1.000096459334209]"[latinmodern-math.otf]/OT:script=math;language=dflt;+ssty=0;"<-6>s*[1.000096459334209]"[latinmodern-math.otf]/OT:script=math;language=dflt;+ssty=1;"
(fontspec)             - 'small caps'  (m/sc) with NFSS spec.: 
(fontspec)             and font adjustment code:
(fontspec)             \fontdimen 8\font =6.77pt\relax \fontdimen 9\font
(fontspec)             =3.94pt\relax \fontdimen 10\font =4.44pt\relax
(fontspec)             \fontdimen 11\font =6.86pt\relax \fontdimen 12\font
(fontspec)             =3.45pt\relax \fontdimen 13\font =3.63pt\relax
(fontspec)             \fontdimen 14\font =3.63pt\relax \fontdimen 15\font
(fontspec)             =2.89pt\relax \fontdimen 16\font =2.47pt\relax
(fontspec)             \fontdimen 17\font =2.47pt\relax \fontdimen 18\font
(fontspec)             =2.5pt\relax \fontdimen 19\font =2.0pt\relax \fontdimen
(fontspec)             22\font =2.5pt\relax \fontdimen 20\font =0pt\relax
(fontspec)             \fontdimen 21\font =0pt\relax 
(fontspec)             - 'bold' (b/n) with NFSS spec.:
(fontspec)             <->s*[1.000096459334209]"[latinmodern-math.otf]/OT:script=math;language=dflt;"
(fontspec)             - 'bold small caps'  (b/sc) with NFSS spec.: 
(fontspec)             and font adjustment code:
(fontspec)             \fontdimen 8\font =6.77pt\relax \fontdimen 9\font
(fontspec)             =3.94pt\relax \fontdimen 10\font =4.44pt\relax
(fontspec)             \fontdimen 11\font =6.86pt\relax \fontdimen 12\font
(fontspec)             =3.45pt\relax \fontdimen 13\font =3.63pt\relax
(fontspec)             \fontdimen 14\font =3.63pt\relax \fontdimen 15\font
(fontspec)             =2.89pt\relax \fontdimen 16\font =2.47pt\relax
(fontspec)             \fontdimen 17\font =2.47pt\relax \fontdimen 18\font
(fontspec)             =2.5pt\relax \fontdimen 19\font =2.0pt\relax \fontdimen
(fontspec)             22\font =2.5pt\relax \fontdimen 20\font =0pt\relax
(fontspec)             \fontdimen 21\font =0pt\relax 

LaTeX Font Info:    Encoding `OMS' has changed to `TU' for symbol font
(Font)              `symbols' in the math version `normal' on input line 168.
LaTeX Font Info:    Overwriting symbol font `symbols' in version `normal'
(Font)                  OMS/lmsy/m/n --> TU/latinmodern-math.otf(2)/m/n on input line 168.
LaTeX Font Info:    Encoding `OMS' has changed to `TU' for symbol font
(Font)              `symbols' in the math version `bold' on input line 168.
LaTeX Font Info:    Overwriting symbol font `symbols' in version `bold'
(Font)                  OMS/lmsy/b/n --> TU/latinmodern-math.otf(2)/b/n on input line 168.

Package fontspec Info: latinmodern-math scale = 0.9999964596882403.


Package fontspec Info: latinmodern-math scale = 0.9998964600422715.


Package fontspec Info: latinmodern-math scale = 0.9999964596882403.


Package fontspec Info: latinmodern-math scale = 0.9998964600422715.


Package fontspec Info: latinmodern-math scale = 0.9999964596882403.


Package fontspec Info: latinmodern-math scale = 0.9998964600422715.


Package fontspec Info: latinmodern-math scale = 0.9999964596882403.


Package fontspec Info: latinmodern-math scale = 0.9998964600422715.


Package fontspec Info: latinmodern-math scale = 0.9999964596882403.


Package fontspec Info: latinmodern-math scale = 0.9998964600422715.


Package fontspec Info: Font family 'latinmodern-math.otf(3)' created for font
(fontspec)             'latinmodern-math.otf' with options
(fontspec)             [Scale=MatchLowercase,BoldItalicFont={},ItalicFont={},SmallCapsFont={},Script=Math,SizeFeatures={{Size=8.5-},{Size=6-8.5,Font=latinmodern-math.otf,Style=MathScript},{Size=-6,Font=latinmodern-math.otf,Style=MathScriptScript}},BoldFont={latinmodern-math.otf},ScaleAgain=0.9999,FontAdjustment={\fontdimen
(fontspec)             8\font =0.4pt\relax \fontdimen 9\font =2.0pt\relax
(fontspec)             \fontdimen 10\font =1.67pt\relax \fontdimen 11\font
(fontspec)             =1.11pt\relax \fontdimen 12\font =6.0pt\relax
(fontspec)             \fontdimen 13\font =0pt\relax }].
(fontspec)              
(fontspec)              This font family consists of the following NFSS
(fontspec)             series/shapes:
(fontspec)              
(fontspec)             - 'normal' (m/n) with NFSS spec.:
(fontspec)             <8.5->s*[0.9998964600422715]"[latinmodern-math.otf]/OT:script=math;language=dflt;"<6-8.5>s*[0.9998964600422715]"[latinmodern-math.otf]/OT:script=math;language=dflt;+ssty=0;"<-6>s*[0.9998964600422715]"[latinmodern-math.otf]/OT:script=math;language=dflt;+ssty=1;"
(fontspec)             - 'small caps'  (m/sc) with NFSS spec.: 
(fontspec)             and font adjustment code:
(fontspec)             \fontdimen 8\font =0.4pt\relax \fontdimen 9\font
(fontspec)             =2.0pt\relax \fontdimen 10\font =1.67pt\relax
(fontspec)             \fontdimen 11\font =1.11pt\relax \fontdimen 12\font
(fontspec)             =6.0pt\relax \fontdimen 13\font =0pt\relax 
(fontspec)             - 'bold' (b/n) with NFSS spec.:
(fontspec)             <->s*[0.9998964600422715]"[latinmodern-math.otf]/OT:script=math;language=dflt;"
(fontspec)             - 'bold small caps'  (b/sc) with NFSS spec.: 
(fontspec)             and font adjustment code:
(fontspec)             \fontdimen 8\font =0.4pt\relax \fontdimen 9\font
(fontspec)             =2.0pt\relax \fontdimen 10\font =1.67pt\relax
(fontspec)             \fontdimen 11\font =1.11pt\relax \fontdimen 12\font
(fontspec)             =6.0pt\relax \fontdimen 13\font =0pt\relax 

LaTeX Font Info:    Encoding `OMX' has changed to `TU' for symbol font
(Font)              `largesymbols' in the math version `normal' on input line 168.
LaTeX Font Info:    Overwriting symbol font `largesymbols' in version `normal'
(Font)                  OMX/lmex/m/n --> TU/latinmodern-math.otf(3)/m/n on input line 168.
LaTeX Font Info:    Encoding `OMX' has changed to `TU' for symbol font
(Font)              `largesymbols' in the math version `bold' on input line 168.
LaTeX Font Info:    Overwriting symbol font `largesymbols' in version `bold'
(Font)                  OMX/lmex/m/n --> TU/latinmodern-math.otf(3)/b/n on input line 168.
LaTeX Info: Redefining \microtypecontext on input line 168.
Package microtype Info: Applying patch `item' on input line 168.
Package microtype Info: Applying patch `toc' on input line 168.
Package microtype Info: Applying patch `eqnum' on input line 168.
Package microtype Info: Applying patch `footnote' on input line 168.
Package microtype Info: Applying patch `verbatim' on input line 168.
Package microtype Info: Character protrusion enabled (level 2).
Package microtype Info: Using protrusion set `basicmath'.
Package microtype Info: No adjustment of tracking.
Package microtype Info: No adjustment of spacing.
Package microtype Info: No adjustment of kerning.
(/Users/zijin/Library/TinyTeX/texmf-dist/tex/latex/microtype/mt-LatinModernRoman.cfg
File: mt-LatinModernRoman.cfg 2021/02/21 v1.1 microtype config. file: Latin Modern Roman (RS)
)
Package caption Info: Begin \AtBeginDocument code.
Package caption Info: changepage package is loaded.
\caption@adjustwidth@hsize=\dimen308
\caption@adjustwidth@linewidth=\dimen309
Package caption Info: float package is loaded.
Package caption Info: hyperref package is loaded.
Package caption Info: End \AtBeginDocument code.
\@sidenotes@extrawidth=\skip87

Package hyperref Warning: Height of page (\paperheight) is invalid (0.0pt),
(hyperref)                using 11in.

Package hyperref Info: Link coloring ON on input line 168.
LaTeX Font Info:    Font shape `TU/latinmodern-math.otf(1)/m/n' will be
(Font)              scaled to size 7.0pt on input line 171.
LaTeX Font Info:    Font shape `TU/latinmodern-math.otf(1)/m/n' will be
(Font)              scaled to size 5.0pt on input line 171.
LaTeX Font Info:    Trying to load font information for OML+lmm on input line 171.
(/Users/zijin/Library/TinyTeX/texmf-dist/tex/latex/lm/omllmm.fd
File: omllmm.fd 2015/05/01 v1.6.1 Font defs for Latin Modern
)
LaTeX Font Info:    Font shape `TU/latinmodern-math.otf(2)/m/n' will be
(Font)              scaled to size 10.00092pt on input line 171.
LaTeX Font Info:    Font shape `TU/latinmodern-math.otf(2)/m/n' will be
(Font)              scaled to size 7.00064pt on input line 171.
LaTeX Font Info:    Font shape `TU/latinmodern-math.otf(2)/m/n' will be
(Font)              scaled to size 5.00046pt on input line 171.
LaTeX Font Info:    Font shape `TU/latinmodern-math.otf(3)/m/n' will be
(Font)              scaled to size 9.99893pt on input line 171.
LaTeX Font Info:    Font shape `TU/latinmodern-math.otf(3)/m/n' will be
(Font)              scaled to size 6.99925pt on input line 171.
LaTeX Font Info:    Font shape `TU/latinmodern-math.otf(3)/m/n' will be
(Font)              scaled to size 4.99947pt on input line 171.
LaTeX Font Info:    Trying to load font information for U+msa on input line 171.
(/Users/zijin/Library/TinyTeX/texmf-dist/tex/latex/amsfonts/umsa.fd
File: umsa.fd 2013/01/14 v3.01 AMS symbols A
) (/Users/zijin/Library/TinyTeX/texmf-dist/tex/latex/microtype/mt-msa.cfg
File: mt-msa.cfg 2006/02/04 v1.1 microtype config. file: AMS symbols (a) (RS)
)
LaTeX Font Info:    Trying to load font information for U+msb on input line 171.
(/Users/zijin/Library/TinyTeX/texmf-dist/tex/latex/amsfonts/umsb.fd
File: umsb.fd 2013/01/14 v3.01 AMS symbols B
) (/Users/zijin/Library/TinyTeX/texmf-dist/tex/latex/microtype/mt-msb.cfg
File: mt-msb.cfg 2005/06/01 v1.0 microtype config. file: AMS symbols (b) (RS)
)
LaTeX Font Info:    Font shape `TU/latinmodern-math.otf(1)/m/n' will be
(Font)              scaled to size 8.0pt on input line 172.
LaTeX Font Info:    Font shape `TU/latinmodern-math.otf(1)/m/n' will be
(Font)              scaled to size 6.0pt on input line 172.
LaTeX Font Info:    Font shape `TU/latinmodern-math.otf(2)/m/n' will be
(Font)              scaled to size 8.00073pt on input line 172.
LaTeX Font Info:    Font shape `TU/latinmodern-math.otf(2)/m/n' will be
(Font)              scaled to size 6.00055pt on input line 172.
LaTeX Font Info:    Font shape `TU/latinmodern-math.otf(3)/m/n' will be
(Font)              scaled to size 7.99915pt on input line 172.
LaTeX Font Info:    Font shape `TU/latinmodern-math.otf(3)/m/n' will be
(Font)              scaled to size 5.99936pt on input line 172.

Package hyperref Warning: Ignoring empty anchor on input line 173.

[1]
Underfull \hbox (badness 10000) in paragraph at lines 176--178
\TU/lmr/m/n/10 We present a study of the spatial evolution of solar wind discontinuities in the outer 
 []


Underfull \hbox (badness 10000) in paragraph at lines 176--178
\TU/lmr/m/n/10 heliosphere using data from the Juno spacecraft during its cruise phase. We identify 
 []


Underfull \hbox (badness 10000) in paragraph at lines 176--178
\TU/lmr/m/n/10 and analyze the properties of the discontinuities at different radial distances from 
 []


Underfull \hbox (badness 10000) in paragraph at lines 176--178
\TU/lmr/m/n/10 the Sun. By differentiating the temporal effect (correlated with solar activity) and 
 []


Underfull \hbox (badness 10000) in paragraph at lines 176--178
\TU/lmr/m/n/10 spatial variations (correlated with radial distance), we find that (1) the normalized 
 []


Underfull \hbox (badness 10000) in paragraph at lines 176--178
\TU/lmr/m/n/10 occurrence rate of IDs drops with the radial distance from the Sun, following a $[][][]$ 
 []


Underfull \hbox (badness 10000) in paragraph at lines 176--178
\TU/lmr/m/n/10 law; (2) The thickness of IDs increases with the radial distance from the Sun, but 
 []


Underfull \hbox (badness 10000) in paragraph at lines 176--178
\TU/lmr/m/n/10 after normalization to the ion inertial length, the thickness of IDs decreases; (3) The 
 []


Underfull \hbox (badness 10000) in paragraph at lines 176--178
\TU/lmr/m/n/10 current intensity of IDs decreases with the radial distance from the Sun, but after 
 []


Underfull \hbox (badness 10000) in paragraph at lines 185--186
[]\TU/lmr/m/n/10 Rapid variations in interplanetary magnetic fields, commonly recognized as solar 
 []


Underfull \hbox (badness 10000) in paragraph at lines 185--186
\TU/lmr/m/n/10 wind magnetic discontinuities [[][]Colburn & Sonett[][], [][]1966[][]], embody localized transient 
 []


Underfull \hbox (badness 10000) in paragraph at lines 185--186
\TU/lmr/m/n/10 rotations or jumps of the magnetic field. Considered important for efficient plasma 
 []


Underfull \hbox (badness 10000) in paragraph at lines 185--186
\TU/lmr/m/n/10 heating, they carry the most intense currents found in the solar wind and obser- 
 []


Underfull \hbox (badness 10000) in paragraph at lines 185--186
\TU/lmr/m/n/10 rved throughout the heliosphere from inner heliosphere [[][]Liu, Fu, Cao, Yu, et al.[][][], 
 []


Underfull \hbox (badness 10000) in paragraph at lines 185--186
[][]\TU/lmr/m/n/10 2022[][]] to the heliosheath [[][]Burlaga & Ness[][], [][]2011[][]]. Theoretical models [[][]Lerche[][], [][]1975[][], 
 []


Underfull \hbox (badness 10000) in paragraph at lines 185--186
[][]\TU/lmr/m/n/10 Medvedev et al.[][][], [][]1997[][]] and MHD simulations [[][]Greco et al.[][][], [][]2008[][], [][]2009[][], [][]Yang et al.[][][], 
 []


Underfull \hbox (badness 10000) in paragraph at lines 185--186
[][]\TU/lmr/m/n/10 2015[][]] suggest that the formation and destruction of discontinuities are closely re- 
 []


Underfull \hbox (badness 10000) in paragraph at lines 185--186
\TU/lmr/m/n/10 lated to the nonlinear dynamics of Alfvn waves and/or Alfvnic turbuluence. These 
 []


Underfull \hbox (badness 10000) in paragraph at lines 185--186
\TU/lmr/m/n/10 nonlinear processes can create significant isolated disturbances to the otherwise 
 []


Underfull \hbox (badness 10000) in paragraph at lines 185--186
\TU/lmr/m/n/10 adiabatic evolution of the solar wind flow (?Reference?) and host many processes, 
 []


Underfull \hbox (badness 10000) in paragraph at lines 185--186
\TU/lmr/m/n/10 including magnetic reconnection (?Reference?) and Fermi acceleration of particles 
 []


Underfull \hbox (badness 10000) in paragraph at lines 185--186
\TU/lmr/m/n/10 [[][]Wentzel[][], [][]1964[][]]. Moreover, they contribute significantly to the magnetic fluctua- 
 []


Underfull \hbox (badness 10000) in paragraph at lines 185--186
\TU/lmr/m/n/10 tion spectra [[][]Borovsky[][], [][]2010[][]] and can affect space weather [[][]Tsurutani et al.[][][], [][]2011[][]]. 
 []


Underfull \hbox (badness 10000) in paragraph at lines 185--186
\TU/lmr/m/n/10 Therefore, the study of the spatial evolution of solar wind discontinuities is impor- 
 []


Underfull \hbox (badness 10000) in paragraph at lines 185--186
\TU/lmr/m/n/10 tant for understanding the dynamics of the solar wind and test the local generation 
 []


Underfull \hbox (badness 10000) in paragraph at lines 185--186
\TU/lmr/m/n/10 mechanism of discontinuities. However, previous study of solar wind discontinuities 
 []


Underfull \hbox (badness 10000) in paragraph at lines 185--186
\TU/lmr/m/n/10 evolution [[][]Sding et al.[][][], [][]2001[][]] in the outer heliosphere were rarely in conjunction 
 []


Underfull \hbox (badness 10000) in paragraph at lines 185--186
\TU/lmr/m/n/10 with measurements closer to the Sun. Moreover, the intervals in their study spread 
 []


Underfull \hbox (badness 10000) in paragraph at lines 185--186
\TU/lmr/m/n/10 over multiple solar cycles though they are selected during solar activity minimum. 
 []


Underfull \hbox (badness 10000) in paragraph at lines 185--186
\TU/lmr/m/n/10 Thus it is presently unclear whether their frequency and properties are the result of 
 []


Underfull \hbox (badness 10000) in paragraph at lines 185--186
\TU/lmr/m/n/10 solar variability or due to the natural evolution of the discontinuities during their 
 []


Underfull \hbox (badness 10000) in paragraph at lines 187--188
[]\TU/lmr/m/n/10 The goal of our paper is to investigate, statistically, discontinuities at different radial 
 []


Underfull \hbox (badness 10000) in paragraph at lines 187--188
\TU/lmr/m/n/10 distance in the outer heliosphere to obtain a understanding of their formation and 
 []


Underfull \hbox (badness 10000) in paragraph at lines 187--188
\TU/lmr/m/n/10 evolution. Our methodology involves integrating Juno measurements [[][]Connerney 
 []


Underfull \hbox (badness 10000) in paragraph at lines 187--188
\TU/lmr/m/n/10 et al.[][][], [][]2017[][]] between $[]$ and $[]$ AU with those at $[]$ AU to distinguish temporal effect 
 []


Underfull \hbox (badness 10000) in paragraph at lines 187--188
\TU/lmr/m/n/10 and spatial variations by examining the discontinuity characteristics at two radial 
 []


Underfull \hbox (badness 10000) in paragraph at lines 189--190
[]\TU/lmr/m/n/10 First, the missions, instruments and data used are listed. Then, we briey describe 
 []


Underfull \hbox (badness 10000) in paragraph at lines 189--190
\TU/lmr/m/n/10 the method used to identify the discontinuities and the model used to estimate the 
 []


Underfull \hbox (badness 10000) in paragraph at lines 189--190
\TU/lmr/m/n/10 plasma state at Juno location due to the lack of plasma data during its cruise phase. 
 []


Underfull \hbox (badness 10000) in paragraph at lines 189--190
\TU/lmr/m/n/10 Finally, we present the results of the spatial evolution of the discontinuities with 
 []


Underfull \hbox (badness 10000) in paragraph at lines 189--190
\TU/lmr/m/n/10 respect to their characteristics (spatial scales and current density), and discuss the 
 []


Underfull \hbox (badness 10000) in paragraph at lines 196--198
[]\TU/lmr/m/n/10 We use [[][]Liu, Fu, Cao, Wang, et al.[][][], [][]2022[][]] method to identify IDs, which has 
 []


Underfull \hbox (badness 10000) in paragraph at lines 198--199
[]\TU/lmr/m/n/10 Then the minimum variance analysis is applied to each ID event to obtain the 
 []


Underfull \vbox (badness 3312) has occurred while \output is active []

[2]
File: figures/examples/artemis_id_example.pdf Graphic file (type pdf)
<use figures/examples/artemis_id_example.pdf>
File: figures/examples/stereo_id_example.pdf Graphic file (type pdf)
<use figures/examples/stereo_id_example.pdf>
File: figures/examples/wind_id_example.pdf Graphic file (type pdf)
<use figures/examples/wind_id_example.pdf>

Underfull \hbox (badness 10000) in paragraph at lines 223--225
[]\TU/lmr/m/n/10 Burlaga & Ness (1969; B-criterion) : a directional change of the magnetic eld 
 []


Underfull \hbox (badness 10000) in paragraph at lines 228--229
[]\TU/lmr/m/n/10 Mostly rely on magnetic eld variations with a certain time lag. B-criterion has, as 
 []


Underfull \hbox (badness 10000) in paragraph at lines 230--231
[]\TU/lmr/m/n/10 In their methods, the IDs below the thresholds are articially abandoned. Therefore, 
 []


Underfull \hbox (badness 10000) in paragraph at lines 230--231
\TU/lmr/m/n/10 identication criteria may affect the statistical results, and there is likely to be a 
 []


Underfull \hbox (badness 10000) in paragraph at lines 232--233
[]\TU/lmr/m/n/10 Lius method : The first two conditions guarantee that the field changes of the IDs 
 []


Underfull \hbox (badness 10000) in paragraph at lines 232--233
\TU/lmr/m/n/10 identied are large enough to be distinguished from the stochastic fluctuations on 
 []


Underfull \hbox (badness 10000) in paragraph at lines 232--233
\TU/lmr/m/n/10 magnetic fields, while the third is a supplementary condition to reduce the uncer- 
 []


Underfull \hbox (badness 10000) in paragraph at lines 252--253
[]\TU/lmr/m/n/10 Sadly, JUNO does not provide plasma data during the cruise phase, so to estimate 
 []


Underfull \hbox (badness 10000) in paragraph at lines 254--255
[]\TU/lmr/m/n/10 We are using [][]Michigan Solar WInd Model 2D (MSWIM2D)[][], which models the solar 
 []

[3]
Underfull \hbox (badness 10000) in paragraph at lines 277--279
[]\TU/lmr/m/n/10 We have collected 5 years of solar wind discontinuities from JUNO, aMIS and 
 []


Underfull \hbox (badness 10000) in paragraph at lines 279--281
[]\TU/lmr/m/n/10 We have developed a pipeline to identify solar wind discontinuities. (Modular, 
 []


Underfull \hbox (badness 10000) in paragraph at lines 281--283
[]\TU/lmr/m/n/10 The normalized occurrence rate of IDs drops with the radial distance from the 
 []


Underfull \hbox (badness 10000) in paragraph at lines 283--285
[]\TU/lmr/m/n/10 The thickness of IDs increases with the radial distance from the Sun, but after 
 []


Underfull \hbox (badness 10000) in paragraph at lines 285--286
[]\TU/lmr/m/n/10 The current intensity of IDs decrease with the radial distance from the Sun, 
 []


Underfull \hbox (badness 10000) in paragraph at lines 285--286
\TU/lmr/m/n/10 but after normalization to the Alfven current , the current intensity of IDs 
 []

File: figures/juno_orbit_white.pdf Graphic file (type pdf)
<use figures/juno_orbit_white.pdf>
File: figures/examples/artemis_id_example.pdf Graphic file (type pdf)
<use figures/examples/artemis_id_example.pdf>
File: figures/examples/stereo_id_example.pdf Graphic file (type pdf)
<use figures/examples/stereo_id_example.pdf>
File: figures/examples/wind_id_example.pdf Graphic file (type pdf)
<use figures/examples/wind_id_example.pdf>
File: figures/omni_overview.pdf Graphic file (type pdf)
<use figures/omni_overview.pdf>
Package marginnote Info: Margin note 4.1 is on absolute page 4 on input line 331.
Package marginnote Info: xpos seems to be 72.26999pt on input line 331.
File: figures/model/juno_model_validation_full.pdf Graphic file (type pdf)
<use figures/model/juno_model_validation_full.pdf>
File: figures/ts_effect.pdf Graphic file (type pdf)
<use figures/ts_effect.pdf>
(./index.bbl
Underfull \hbox (badness 3503) in paragraph at lines 14--26
[]\TU/lmr/m/n/10 Borovsky, J. E.  (2010, September).  Contribution of strong discontinuities to the 
 []


Underfull \vbox (badness 10000) has occurred while \output is active []

[4] [5] [6]
Underfull \hbox (badness 2443) in paragraph at lines 40--53
[]\TU/lmr/m/n/10 Burlaga, L. F., & Ness, N. F.  (2011).  Current sheets in the heliosheath: Voyager 
 []


Underfull \hbox (badness 6944) in paragraph at lines 67--80
[]\TU/lmr/m/n/10 Colburn, D. S., & Sonett, C. P.  (1966, June).  Discontinuities in the solar wind. 
 []


Underfull \hbox (badness 10000) in paragraph at lines 92--110
[]\TU/lmr/m/n/10 Connerney, J. E. P., Benn, M., Bjarno, J. B., Denver, T., Espley, J., Jorgensen, 
 []


Underfull \hbox (badness 1005) in paragraph at lines 158--174
[]\TU/lmr/m/n/10 Greco, A., Matthaeus, W. H., Servidio, S., Chuychai, P., & Dmitruk, P.  (2009, Jan- 
 []


Underfull \hbox (badness 1163) in paragraph at lines 158--174
\TU/lmr/m/n/10 with intermittent mhd turbulence.  \TU/lmr/m/it/10 Astrophysical Journal\TU/lmr/m/n/10 , \TU/lmr/m/it/10 691\TU/lmr/m/n/10 (2), L111.  doi: $[][] [] 
 []


Underfull \hbox (badness 1590) in paragraph at lines 216--228
[]\TU/lmr/m/n/10 Lerche, I.  (1975, May).  On the propagation of magnetic disturbances in the solar 
 []


Underfull \hbox (badness 10000) in paragraph at lines 246--264
[]\TU/lmr/m/n/10 Liu, Y. Y., Fu, H. S., Cao, J. B., Wang, Z., He, R. J., Guo, Z. Z.,  Yu, Y.  (2022, 
 []


Underfull \hbox (badness 10000) in paragraph at lines 246--264
\TU/lmr/m/n/10 May).  Magnetic discontinuities in the solar wind and magnetosheath: Magneto- 
 []


Underfull \hbox (badness 4060) in paragraph at lines 282--300
[]\TU/lmr/m/n/10 Liu, Y. Y., Fu, H. S., Cao, J. B., Yu, Y., Liu, C. M., Wang, Z.,  He, R. J.  (2022). 
 []


Underfull \hbox (badness 10000) in paragraph at lines 282--300
\TU/lmr/m/n/10 Categorizing MHD discontinuities in the inner heliosphere by utilizing the PSP 
 []


Underfull \hbox (badness 10000) in paragraph at lines 315--330
[]\TU/lmr/m/n/10 Medvedev, M. V., Diamond, P. H., Shevchenko, V. I., & Galinsky, V. L.  (1997, 
 []


Underfull \hbox (badness 10000) in paragraph at lines 315--330
\TU/lmr/m/n/10 June).  Dissipative Dynamics of Collisionless Nonlinear Alfv\en Wave Trains. 
 []


Underfull \hbox (badness 10000) in paragraph at lines 346--362
\TU/lmr/m/n/10 July).  Radial and latitudinal dependencies of discontinuities in the solar wind 
 []


Underfull \hbox (badness 1062) in paragraph at lines 346--362
\TU/lmr/m/n/10 between 0.3 and 19 AU and -80 and +10.  \TU/lmr/m/it/10 Annales Geophysicae\TU/lmr/m/n/10 , \TU/lmr/m/it/10 19\TU/lmr/m/n/10 (7), 667680. 
 []


Underfull \hbox (badness 10000) in paragraph at lines 374--391
[]\TU/lmr/m/n/10 Tsurutani, B. T., Lakhina, G. S., Verkhoglyadova, O. P., Gonzalez, W. D., Echer, E., 
 []


Underfull \hbox (badness 5417) in paragraph at lines 374--391
\TU/lmr/m/n/10 their geomagnetic effects.  \TU/lmr/m/it/10 Journal of Atmospheric and Solar-Terrestrial Physics\TU/lmr/m/n/10 , 
 []


Underfull \hbox (badness 10000) in paragraph at lines 427--445
[]\TU/lmr/m/n/10 Yang, L., Zhang, L., He, J., Tu, C., Wang, L., Marsch, E.,  Feng, X.  (2015, Au- 
 []

[7]) [8] (./index.aux)
 ***********
LaTeX2e <2023-11-01> patch level 1
L3 programming layer <2024-01-22>
 ***********

LaTeX Warning: There were multiply-defined labels.

 )
(\end occurred when \ifx on line 100 was incomplete)
(\end occurred when \ifx on line 100 was incomplete)
(\end occurred when \ifx on line 100 was incomplete)
(\end occurred when \ifx on line 100 was incomplete)
(\end occurred when \ifx on line 97 was incomplete)
(\end occurred when \ifx on line 97 was incomplete)
(\end occurred when \ifx on line 97 was incomplete)
(\end occurred when \ifx on line 97 was incomplete)
(\end occurred when \ifx on line 97 was incomplete)
(\end occurred when \ifx on line 92 was incomplete)
(\end occurred when \ifx on line 92 was incomplete)
(\end occurred when \ifx on line 92 was incomplete)
(\end occurred when \ifx on line 92 was incomplete)
(\end occurred when \ifx on line 92 was incomplete)
(\end occurred when \ifx on line 82 was incomplete)
(\end occurred when \ifx on line 82 was incomplete)
(\end occurred when \ifx on line 82 was incomplete)
(\end occurred when \ifx on line 82 was incomplete)
(\end occurred when \ifx on line 82 was incomplete)
(\end occurred when \ifx on line 82 was incomplete)
(\end occurred when \ifx on line 82 was incomplete)
(\end occurred when \ifx on line 82 was incomplete)
(\end occurred when \ifx on line 82 was incomplete)
(\end occurred when \ifx on line 82 was incomplete)
(\end occurred when \ifx on line 82 was incomplete)
(\end occurred when \ifx on line 82 was incomplete)
(\end occurred when \ifx on line 82 was incomplete)
(\end occurred when \ifx on line 82 was incomplete)
(\end occurred when \ifx on line 82 was incomplete)
(\end occurred when \ifx on line 82 was incomplete)
(\end occurred when \ifx on line 82 was incomplete)
(\end occurred when \ifx on line 82 was incomplete)
(\end occurred when \ifx on line 82 was incomplete)
(\end occurred when \ifx on line 82 was incomplete)
(\end occurred when \ifx on line 75 was incomplete)
(\end occurred when \ifx on line 75 was incomplete)
(\end occurred when \ifx on line 75 was incomplete)
(\end occurred when \ifx on line 75 was incomplete)
(\end occurred when \ifx on line 75 was incomplete)
(\end occurred when \ifx on line 75 was incomplete)
(\end occurred when \ifx on line 75 was incomplete)
(\end occurred when \ifx on line 75 was incomplete)
(\end occurred when \ifx on line 75 was incomplete)
(\end occurred when \ifx on line 75 was incomplete)
(\end occurred when \ifx on line 75 was incomplete)
(\end occurred when \ifx on line 75 was incomplete)
(\end occurred when \ifx on line 75 was incomplete)
(\end occurred when \ifx on line 75 was incomplete)
(\end occurred when \ifx on line 75 was incomplete)
(\end occurred when \ifx on line 75 was incomplete)
(\end occurred when \ifx on line 75 was incomplete)
(\end occurred when \ifx on line 75 was incomplete)
(\end occurred when \ifx on line 75 was incomplete)
(\end occurred when \ifx on line 75 was incomplete)
(\end occurred when \ifx on line 29 was incomplete) 
Here is how much of TeX's memory you used:
 37425 strings out of 476858
 749067 string characters out of 5803465
 1947627 words of memory out of 5000000
 58742 multiletter control sequences out of 15000+600000
 563904 words of font info for 88 fonts, out of 8000000 for 9000
 20 hyphenation exceptions out of 8191
 98i,8n,120p,2269b,597s stack positions out of 10000i,1000n,20000p,200000b,200000s

Output written on index.pdf (8 pages).
